2020:04:03 18:46:58:257000 ~ Traceback (most recent call last):
  File "D:\TOOLS\pyx\gitdate.py", line 748, in commit
    host = format_git_remote(i.get('url'))
  File "D:\TOOLS\pyx\gitdate.py", line 360, in format_git_remote
    if not urllib.parse.urlparse(remote).scheme == 'https' and not urllib.parse.urlparse(remote).scheme == 'http' and not urllib.parse.urlparse(remote).scheme == 'ssh':
AttributeError: 'function' object has no attribute 'urlparse'

2020:04:03 18:47:59:440000 ~ Traceback (most recent call last):
  File "D:\TOOLS\pyx\gitdate.py", line 749, in commit
    host = format_git_remote(i.get('url'))
  File "D:\TOOLS\pyx\gitdate.py", line 361, in format_git_remote
    if not urllib.parse.urlparse(remote).scheme == 'https' and not urllib.parse.urlparse(remote).scheme == 'http' and not urllib.parse.urlparse(remote).scheme == 'ssh':
TypeError: unbound method urlparse() must be called with parsex instance as first argument (got str instance instead)

2020:04:03 18:49:43:489000 ~ Traceback (most recent call last):
  File "D:\TOOLS\pyx\gitdate.py", line 747, in commit
    host = format_git_remote(i.get('url'))
  File "D:\TOOLS\pyx\gitdate.py", line 359, in format_git_remote
    if not urllib.parse.urlparse(remote).scheme == 'https' and not urllib.parse.urlparse(remote).scheme == 'http' and not urllib.parse.urlparse(remote).scheme == 'ssh':
AttributeError: 'function' object has no attribute 'urlparse'

2020:04:03 18:52:21:321000 ~ Traceback (most recent call last):
  File "D:\TOOLS\pyx\gitdate.py", line 750, in commit
    host = format_git_remote(i.get('url'))
  File "D:\TOOLS\pyx\gitdate.py", line 362, in format_git_remote
    if not urllib.parse.urlparse(remote).scheme == 'https' and not urllib.parse.urlparse(remote).scheme == 'http' and not urllib.parse.urlparse(remote).scheme == 'ssh':
AttributeError: 'function' object has no attribute 'urlparse'

2020:04:03 18:53:51:803000 ~ Traceback (most recent call last):
  File "D:\TOOLS\pyx\gitdate.py", line 750, in commit
    if 'https:' in host or 'http:' in host or 'ssh:' in host or 'git:' in host:
TypeError: argument of type 'bool' is not iterable

2020:04:03 18:54:34:161000 ~ Traceback (most recent call last):
  File "D:\TOOLS\pyx\gitdate.py", line 751, in commit
    if 'https:' in host or 'http:' in host or 'ssh:' in host or 'git:' in host:
TypeError: argument of type 'bool' is not iterable

2020:04:03 18:55:20:256000 ~ Traceback (most recent call last):
  File "D:\TOOLS\pyx\gitdate.py", line 751, in commit
    if 'https:' in host or 'http:' in host or 'ssh:' in host or 'git:' in host:
TypeError: argument of type 'bool' is not iterable

2020:04:03 18:55:53:486000 ~ Traceback (most recent call last):
  File "D:\TOOLS\pyx\gitdate.py", line 751, in commit
    if 'https:' in host or 'http:' in host or 'ssh:' in host or 'git:' in host:
TypeError: argument of type 'bool' is not iterable

